\BOOKMARK [0][-]{chapter.1}{Introdu\347\343o}{}% 1
\BOOKMARK [0][-]{chapter.2}{Mec\342nica Qu\342ntica e Operador Densidade \(\) }{}% 2
\BOOKMARK [1][-]{section.2.1}{Matriz densidade}{chapter.2}% 3
\BOOKMARK [2][-]{subsection.2.1.1}{Propriedades do Operador Densidade}{section.2.1}% 4
\BOOKMARK [2][-]{subsection.2.1.2}{Evolu\347\343o Temporal do Operador Densidade}{section.2.1}% 5
\BOOKMARK [0][-]{chapter.3}{PROPAGA\307\303O DE ONDAS ELETROMAGNETICA EM MEIOS POLARIZADOS}{}% 6
\BOOKMARK [1][-]{section.3.1}{Equa\347\365es de Maxwell}{chapter.3}% 7
\BOOKMARK [1][-]{section.3.2}{propaga\347\343o de onda em meio linear}{chapter.3}% 8
\BOOKMARK [1][-]{section.3.3}{PROPAGA\307\303O DE ONDA em um meio at\364mico de 2 n\355veis}{chapter.3}% 9
\BOOKMARK [0][-]{chapter.4}{Intera\347\343o sistema at\364mico de dois n\355veis com radia\347\343o}{}% 10
\BOOKMARK [1][-]{section.4.1}{Hamiltoniano para um sistema de dois n\355veis }{chapter.4}% 11
\BOOKMARK [0][-]{chapter.5}{Heading on level 0 \(chapter\)}{}% 12
\BOOKMARK [1][-]{section.5.1}{Heading on level 1 \(section\)}{chapter.5}% 13
\BOOKMARK [2][-]{subsection.5.1.1}{Heading on level 2 \(subsection\)}{section.5.1}% 14
\BOOKMARK [1][-]{section.5.2}{Lists}{chapter.5}% 15
\BOOKMARK [2][-]{subsection.5.2.1}{Example for list \(itemize\)}{section.5.2}% 16
\BOOKMARK [2][-]{subsection.5.2.2}{Example for list \(enumerate\)}{section.5.2}% 17
\BOOKMARK [2][-]{subsection.5.2.3}{Example for list \(description\)}{section.5.2}% 18
\BOOKMARK [1][-]{section.5.3}{Equa\347\365es}{chapter.5}% 19
\BOOKMARK [1][-]{section.5.4}{Tabelas}{chapter.5}% 20
\BOOKMARK [1][-]{section.5.5}{C\363digos}{chapter.5}% 21
\BOOKMARK [1][-]{section.5.6}{Cita\347\343o}{chapter.5}% 22
\BOOKMARK [0][-]{chapter.6}{Outro cap\355tulo}{}% 23
\BOOKMARK [0][-]{chapter.7}{Conclus\343o}{}% 24
\BOOKMARK [0][-]{appendix*.17}{T\355tulo do Primeiro Ap\352ndice}{}% 25
\BOOKMARK [0][-]{appendix*.18}{T\355tulo do Segundo Ap\352ndice}{}% 26
