\BOOKMARK [0][-]{chapter.1}{Introdu\347\343o}{}% 1
\BOOKMARK [0][-]{chapter.2}{Mec\342nica Qu\342ntica e Operador Densidade}{}% 2
\BOOKMARK [1][-]{section.2.1}{Matriz densidade}{chapter.2}% 3
\BOOKMARK [2][-]{subsection.2.1.1}{Propriedades do Operador Densidade}{section.2.1}% 4
\BOOKMARK [2][-]{subsection.2.1.2}{Evolu\347\343o Temporal do Operador Densidade}{section.2.1}% 5
\BOOKMARK [0][-]{chapter.3}{Propaga\347\343o de ondas eletromagn\351ticas em meio linear}{}% 6
\BOOKMARK [1][-]{section.3.1}{Equa\347\365es de Maxwell}{chapter.3}% 7
\BOOKMARK [1][-]{section.3.2}{propaga\347\343o de onda em meio linear}{chapter.3}% 8
\BOOKMARK [1][-]{section.3.3}{Propaga\347\343o de onda em um meio at\364mico de 2 n\355veis}{chapter.3}% 9
\BOOKMARK [0][-]{chapter.4}{Intera\347\343o sistema at\364mico de dois n\355veis com radia\347\343o}{}% 10
\BOOKMARK [1][-]{section.4.1}{Hamiltoniano para um sistema at\364mico de dois n\355veis }{chapter.4}% 11
\BOOKMARK [1][-]{section.4.2}{Sistema at\364mico de dois n\355veis}{chapter.4}% 12
\BOOKMARK [1][-]{section.4.3}{Equa\347\365es}{chapter.4}% 13
\BOOKMARK [1][-]{section.4.4}{Tabelas}{chapter.4}% 14
\BOOKMARK [1][-]{section.4.5}{C\363digos}{chapter.4}% 15
\BOOKMARK [1][-]{section.4.6}{Cita\347\343o}{chapter.4}% 16
\BOOKMARK [0][-]{chapter.5}{Outro cap\355tulo}{}% 17
\BOOKMARK [0][-]{chapter.6}{Conclus\343o}{}% 18
\BOOKMARK [0][-]{appendix*.17}{T\355tulo do Primeiro Ap\352ndice}{}% 19
\BOOKMARK [0][-]{appendix*.18}{T\355tulo do Segundo Ap\352ndice}{}% 20
